<?xml version="1.0" encoding="UTF-8"?>
<!-- Generated by org.testng.reporters.JUnitXMLReporter -->
<testsuite hostname="Galinas-Air" name="Default test" tests="8" failures="0" timestamp="18 Feb 2017 21:11:46 GMT" time="114.078" errors="0">
  <testcase name="testGeebo" time="14.153" classname="com.sqa.gy.GeeboTestwSauceLabs"/>
  <testcase name="testGeebo" time="7.104" classname="com.sqa.gy.GeeboTestwSauceLabs"/>
  <testcase name="testGeebo" time="24.615" classname="com.sqa.gy.GeeboTestwSauceLabs"/>
  <testcase name="testGeebo" time="11.146" classname="com.sqa.gy.GeeboTestwSauceLabs"/>
  <testcase name="testGeebo" time="11.541" classname="com.sqa.gy.GeeboTestwSauceLabs"/>
  <testcase name="testGeebo" time="7.867" classname="com.sqa.gy.GeeboTestwSauceLabs"/>
  <testcase name="testGeebo" time="22.132" classname="com.sqa.gy.GeeboTestwSauceLabs"/>
  <testcase name="testGeebo" time="10.818" classname="com.sqa.gy.GeeboTestwSauceLabs"/>
</testsuite> <!-- Default test -->
