<?xml version="1.0" encoding="UTF-8"?>
<testng-results skipped="0" failed="0" total="8" passed="8">
  <reporter-output>
  </reporter-output>
  <suite name="Default suite" duration-ms="114078" started-at="2017-02-18T21:09:52Z" finished-at="2017-02-18T21:11:46Z">
    <groups>
    </groups>
    <test name="Default test" duration-ms="114078" started-at="2017-02-18T21:09:52Z" finished-at="2017-02-18T21:11:46Z">
      <class name="com.sqa.gy.GeeboTestwSauceLabs">
        <test-method status="PASS" signature="setUpChrome()[pri:0, instance:com.sqa.gy.GeeboTestwSauceLabs@6e1f8bc1]" name="setUpChrome" is-config="true" duration-ms="5" started-at="2017-02-18T13:09:52Z" finished-at="2017-02-18T13:09:52Z">
          <reporter-output>
          </reporter-output>
        </test-method> <!-- setUpChrome -->
        <test-method status="PASS" signature="setUpFirefox()[pri:0, instance:com.sqa.gy.GeeboTestwSauceLabs@6e1f8bc1]" name="setUpFirefox" is-config="true" duration-ms="1" started-at="2017-02-18T13:09:52Z" finished-at="2017-02-18T13:09:52Z">
          <reporter-output>
          </reporter-output>
        </test-method> <!-- setUpFirefox -->
        <test-method status="PASS" signature="testGeebo(java.lang.String, java.lang.String, com.sqa.gy.Browser, java.lang.String, java.lang.String, int, java.lang.String, java.lang.String)[pri:0, instance:com.sqa.gy.GeeboTestwSauceLabs@6e1f8bc1]" name="testGeebo" duration-ms="14153" started-at="2017-02-18T13:09:52Z" data-provider="allThreeSetsOfData" finished-at="2017-02-18T13:10:06Z">
          <params>
            <param index="0">
              <value>
                <![CDATA[gyakovenkoyahoo]]>
              </value>
            </param>
            <param index="1">
              <value>
                <![CDATA[e0835d68-e4d9-402b-be52-6e16ac8495e1]]>
              </value>
            </param>
            <param index="2">
              <value>
                <![CDATA[IE]]>
              </value>
            </param>
            <param index="3">
              <value>
                <![CDATA[11]]>
              </value>
            </param>
            <param index="4">
              <value>
                <![CDATA[Windows 8.1]]>
              </value>
            </param>
            <param index="5">
              <value>
                <![CDATA[1]]>
              </value>
            </param>
            <param index="6">
              <value>
                <![CDATA[toys]]>
              </value>
            </param>
            <param index="7">
              <value>
                <![CDATA[Merchandise]]>
              </value>
            </param>
          </params>
          <reporter-output>
          </reporter-output>
        </test-method> <!-- testGeebo -->
        <test-method status="PASS" signature="setUpSafari()[pri:0, instance:com.sqa.gy.GeeboTestwSauceLabs@6e1f8bc1]" name="setUpSafari" is-config="true" duration-ms="0" started-at="2017-02-18T13:09:52Z" finished-at="2017-02-18T13:09:52Z">
          <reporter-output>
          </reporter-output>
        </test-method> <!-- setUpSafari -->
        <test-method status="PASS" signature="tearDown()[pri:0, instance:com.sqa.gy.GeeboTestwSauceLabs@6e1f8bc1]" name="tearDown" is-config="true" duration-ms="175" started-at="2017-02-18T13:10:06Z" finished-at="2017-02-18T13:10:07Z">
          <reporter-output>
          </reporter-output>
        </test-method> <!-- tearDown -->
        <test-method status="PASS" signature="setUpChrome()[pri:0, instance:com.sqa.gy.GeeboTestwSauceLabs@6e1f8bc1]" name="setUpChrome" is-config="true" duration-ms="0" started-at="2017-02-18T13:10:07Z" finished-at="2017-02-18T13:10:07Z">
          <reporter-output>
          </reporter-output>
        </test-method> <!-- setUpChrome -->
        <test-method status="PASS" signature="setUpSafari()[pri:0, instance:com.sqa.gy.GeeboTestwSauceLabs@6e1f8bc1]" name="setUpSafari" is-config="true" duration-ms="0" started-at="2017-02-18T13:10:07Z" finished-at="2017-02-18T13:10:07Z">
          <reporter-output>
          </reporter-output>
        </test-method> <!-- setUpSafari -->
        <test-method status="PASS" signature="setUpFirefox()[pri:0, instance:com.sqa.gy.GeeboTestwSauceLabs@6e1f8bc1]" name="setUpFirefox" is-config="true" duration-ms="0" started-at="2017-02-18T13:10:07Z" finished-at="2017-02-18T13:10:07Z">
          <reporter-output>
          </reporter-output>
        </test-method> <!-- setUpFirefox -->
        <test-method status="PASS" signature="testGeebo(java.lang.String, java.lang.String, com.sqa.gy.Browser, java.lang.String, java.lang.String, int, java.lang.String, java.lang.String)[pri:0, instance:com.sqa.gy.GeeboTestwSauceLabs@6e1f8bc1]" name="testGeebo" duration-ms="7104" started-at="2017-02-18T13:10:07Z" data-provider="allThreeSetsOfData" finished-at="2017-02-18T13:10:14Z">
          <params>
            <param index="0">
              <value>
                <![CDATA[gyakovenkoyahoo]]>
              </value>
            </param>
            <param index="1">
              <value>
                <![CDATA[e0835d68-e4d9-402b-be52-6e16ac8495e1]]>
              </value>
            </param>
            <param index="2">
              <value>
                <![CDATA[CHROME]]>
              </value>
            </param>
            <param index="3">
              <value>
                <![CDATA[41]]>
              </value>
            </param>
            <param index="4">
              <value>
                <![CDATA[Windows XP]]>
              </value>
            </param>
            <param index="5">
              <value>
                <![CDATA[2]]>
              </value>
            </param>
            <param index="6">
              <value>
                <![CDATA[isha]]>
              </value>
            </param>
            <param index="7">
              <value>
                <![CDATA[Community]]>
              </value>
            </param>
          </params>
          <reporter-output>
          </reporter-output>
        </test-method> <!-- testGeebo -->
        <test-method status="PASS" signature="tearDown()[pri:0, instance:com.sqa.gy.GeeboTestwSauceLabs@6e1f8bc1]" name="tearDown" is-config="true" duration-ms="215" started-at="2017-02-18T13:10:14Z" finished-at="2017-02-18T13:10:14Z">
          <reporter-output>
          </reporter-output>
        </test-method> <!-- tearDown -->
        <test-method status="PASS" signature="setUpChrome()[pri:0, instance:com.sqa.gy.GeeboTestwSauceLabs@6e1f8bc1]" name="setUpChrome" is-config="true" duration-ms="0" started-at="2017-02-18T13:10:14Z" finished-at="2017-02-18T13:10:14Z">
          <reporter-output>
          </reporter-output>
        </test-method> <!-- setUpChrome -->
        <test-method status="PASS" signature="setUpFirefox()[pri:0, instance:com.sqa.gy.GeeboTestwSauceLabs@6e1f8bc1]" name="setUpFirefox" is-config="true" duration-ms="1" started-at="2017-02-18T13:10:14Z" finished-at="2017-02-18T13:10:14Z">
          <reporter-output>
          </reporter-output>
        </test-method> <!-- setUpFirefox -->
        <test-method status="PASS" signature="testGeebo(java.lang.String, java.lang.String, com.sqa.gy.Browser, java.lang.String, java.lang.String, int, java.lang.String, java.lang.String)[pri:0, instance:com.sqa.gy.GeeboTestwSauceLabs@6e1f8bc1]" name="testGeebo" duration-ms="24615" started-at="2017-02-18T13:10:14Z" data-provider="allThreeSetsOfData" finished-at="2017-02-18T13:10:39Z">
          <params>
            <param index="0">
              <value>
                <![CDATA[gyakovenkoyahoo]]>
              </value>
            </param>
            <param index="1">
              <value>
                <![CDATA[e0835d68-e4d9-402b-be52-6e16ac8495e1]]>
              </value>
            </param>
            <param index="2">
              <value>
                <![CDATA[SAFARI]]>
              </value>
            </param>
            <param index="3">
              <value>
                <![CDATA[7]]>
              </value>
            </param>
            <param index="4">
              <value>
                <![CDATA[OS X 10.9]]>
              </value>
            </param>
            <param index="5">
              <value>
                <![CDATA[1]]>
              </value>
            </param>
            <param index="6">
              <value>
                <![CDATA[toys]]>
              </value>
            </param>
            <param index="7">
              <value>
                <![CDATA[Merchandise]]>
              </value>
            </param>
          </params>
          <reporter-output>
          </reporter-output>
        </test-method> <!-- testGeebo -->
        <test-method status="PASS" signature="setUpSafari()[pri:0, instance:com.sqa.gy.GeeboTestwSauceLabs@6e1f8bc1]" name="setUpSafari" is-config="true" duration-ms="0" started-at="2017-02-18T13:10:14Z" finished-at="2017-02-18T13:10:14Z">
          <reporter-output>
          </reporter-output>
        </test-method> <!-- setUpSafari -->
        <test-method status="PASS" signature="tearDown()[pri:0, instance:com.sqa.gy.GeeboTestwSauceLabs@6e1f8bc1]" name="tearDown" is-config="true" duration-ms="609" started-at="2017-02-18T13:10:39Z" finished-at="2017-02-18T13:10:39Z">
          <reporter-output>
          </reporter-output>
        </test-method> <!-- tearDown -->
        <test-method status="PASS" signature="setUpFirefox()[pri:0, instance:com.sqa.gy.GeeboTestwSauceLabs@6e1f8bc1]" name="setUpFirefox" is-config="true" duration-ms="0" started-at="2017-02-18T13:10:39Z" finished-at="2017-02-18T13:10:39Z">
          <reporter-output>
          </reporter-output>
        </test-method> <!-- setUpFirefox -->
        <test-method status="PASS" signature="setUpChrome()[pri:0, instance:com.sqa.gy.GeeboTestwSauceLabs@6e1f8bc1]" name="setUpChrome" is-config="true" duration-ms="0" started-at="2017-02-18T13:10:39Z" finished-at="2017-02-18T13:10:39Z">
          <reporter-output>
          </reporter-output>
        </test-method> <!-- setUpChrome -->
        <test-method status="PASS" signature="testGeebo(java.lang.String, java.lang.String, com.sqa.gy.Browser, java.lang.String, java.lang.String, int, java.lang.String, java.lang.String)[pri:0, instance:com.sqa.gy.GeeboTestwSauceLabs@6e1f8bc1]" name="testGeebo" duration-ms="11146" started-at="2017-02-18T13:10:39Z" data-provider="allThreeSetsOfData" finished-at="2017-02-18T13:10:50Z">
          <params>
            <param index="0">
              <value>
                <![CDATA[gyakovenkoyahoo]]>
              </value>
            </param>
            <param index="1">
              <value>
                <![CDATA[e0835d68-e4d9-402b-be52-6e16ac8495e1]]>
              </value>
            </param>
            <param index="2">
              <value>
                <![CDATA[FIREFOX]]>
              </value>
            </param>
            <param index="3">
              <value>
                <![CDATA[35]]>
              </value>
            </param>
            <param index="4">
              <value>
                <![CDATA[Windows 7]]>
              </value>
            </param>
            <param index="5">
              <value>
                <![CDATA[2]]>
              </value>
            </param>
            <param index="6">
              <value>
                <![CDATA[isha]]>
              </value>
            </param>
            <param index="7">
              <value>
                <![CDATA[Community]]>
              </value>
            </param>
          </params>
          <reporter-output>
          </reporter-output>
        </test-method> <!-- testGeebo -->
        <test-method status="PASS" signature="setUpSafari()[pri:0, instance:com.sqa.gy.GeeboTestwSauceLabs@6e1f8bc1]" name="setUpSafari" is-config="true" duration-ms="0" started-at="2017-02-18T13:10:39Z" finished-at="2017-02-18T13:10:39Z">
          <reporter-output>
          </reporter-output>
        </test-method> <!-- setUpSafari -->
        <test-method status="PASS" signature="tearDown()[pri:0, instance:com.sqa.gy.GeeboTestwSauceLabs@6e1f8bc1]" name="tearDown" is-config="true" duration-ms="107" started-at="2017-02-18T13:10:50Z" finished-at="2017-02-18T13:10:50Z">
          <reporter-output>
          </reporter-output>
        </test-method> <!-- tearDown -->
        <test-method status="PASS" signature="setUpChrome()[pri:0, instance:com.sqa.gy.GeeboTestwSauceLabs@6e1f8bc1]" name="setUpChrome" is-config="true" duration-ms="1" started-at="2017-02-18T13:10:50Z" finished-at="2017-02-18T13:10:50Z">
          <reporter-output>
          </reporter-output>
        </test-method> <!-- setUpChrome -->
        <test-method status="PASS" signature="setUpFirefox()[pri:0, instance:com.sqa.gy.GeeboTestwSauceLabs@6e1f8bc1]" name="setUpFirefox" is-config="true" duration-ms="0" started-at="2017-02-18T13:10:50Z" finished-at="2017-02-18T13:10:50Z">
          <reporter-output>
          </reporter-output>
        </test-method> <!-- setUpFirefox -->
        <test-method status="PASS" signature="testGeebo(java.lang.String, java.lang.String, com.sqa.gy.Browser, java.lang.String, java.lang.String, int, java.lang.String, java.lang.String)[pri:0, instance:com.sqa.gy.GeeboTestwSauceLabs@6e1f8bc1]" name="testGeebo" duration-ms="11541" started-at="2017-02-18T13:10:50Z" data-provider="allThreeSetsOfData" finished-at="2017-02-18T13:11:02Z">
          <params>
            <param index="0">
              <value>
                <![CDATA[gyakovenkoyahoo]]>
              </value>
            </param>
            <param index="1">
              <value>
                <![CDATA[e0835d68-e4d9-402b-be52-6e16ac8495e1]]>
              </value>
            </param>
            <param index="2">
              <value>
                <![CDATA[IE]]>
              </value>
            </param>
            <param index="3">
              <value>
                <![CDATA[11]]>
              </value>
            </param>
            <param index="4">
              <value>
                <![CDATA[Windows 8.1]]>
              </value>
            </param>
            <param index="5">
              <value>
                <![CDATA[1]]>
              </value>
            </param>
            <param index="6">
              <value>
                <![CDATA[toys]]>
              </value>
            </param>
            <param index="7">
              <value>
                <![CDATA[Merchandise]]>
              </value>
            </param>
          </params>
          <reporter-output>
          </reporter-output>
        </test-method> <!-- testGeebo -->
        <test-method status="PASS" signature="setUpSafari()[pri:0, instance:com.sqa.gy.GeeboTestwSauceLabs@6e1f8bc1]" name="setUpSafari" is-config="true" duration-ms="0" started-at="2017-02-18T13:10:50Z" finished-at="2017-02-18T13:10:50Z">
          <reporter-output>
          </reporter-output>
        </test-method> <!-- setUpSafari -->
        <test-method status="PASS" signature="tearDown()[pri:0, instance:com.sqa.gy.GeeboTestwSauceLabs@6e1f8bc1]" name="tearDown" is-config="true" duration-ms="117" started-at="2017-02-18T13:11:02Z" finished-at="2017-02-18T13:11:02Z">
          <reporter-output>
          </reporter-output>
        </test-method> <!-- tearDown -->
        <test-method status="PASS" signature="setUpFirefox()[pri:0, instance:com.sqa.gy.GeeboTestwSauceLabs@6e1f8bc1]" name="setUpFirefox" is-config="true" duration-ms="0" started-at="2017-02-18T13:11:02Z" finished-at="2017-02-18T13:11:02Z">
          <reporter-output>
          </reporter-output>
        </test-method> <!-- setUpFirefox -->
        <test-method status="PASS" signature="setUpSafari()[pri:0, instance:com.sqa.gy.GeeboTestwSauceLabs@6e1f8bc1]" name="setUpSafari" is-config="true" duration-ms="1" started-at="2017-02-18T13:11:02Z" finished-at="2017-02-18T13:11:02Z">
          <reporter-output>
          </reporter-output>
        </test-method> <!-- setUpSafari -->
        <test-method status="PASS" signature="setUpChrome()[pri:0, instance:com.sqa.gy.GeeboTestwSauceLabs@6e1f8bc1]" name="setUpChrome" is-config="true" duration-ms="0" started-at="2017-02-18T13:11:02Z" finished-at="2017-02-18T13:11:02Z">
          <reporter-output>
          </reporter-output>
        </test-method> <!-- setUpChrome -->
        <test-method status="PASS" signature="testGeebo(java.lang.String, java.lang.String, com.sqa.gy.Browser, java.lang.String, java.lang.String, int, java.lang.String, java.lang.String)[pri:0, instance:com.sqa.gy.GeeboTestwSauceLabs@6e1f8bc1]" name="testGeebo" duration-ms="7867" started-at="2017-02-18T13:11:02Z" data-provider="allThreeSetsOfData" finished-at="2017-02-18T13:11:10Z">
          <params>
            <param index="0">
              <value>
                <![CDATA[gyakovenkoyahoo]]>
              </value>
            </param>
            <param index="1">
              <value>
                <![CDATA[e0835d68-e4d9-402b-be52-6e16ac8495e1]]>
              </value>
            </param>
            <param index="2">
              <value>
                <![CDATA[CHROME]]>
              </value>
            </param>
            <param index="3">
              <value>
                <![CDATA[41]]>
              </value>
            </param>
            <param index="4">
              <value>
                <![CDATA[Windows XP]]>
              </value>
            </param>
            <param index="5">
              <value>
                <![CDATA[2]]>
              </value>
            </param>
            <param index="6">
              <value>
                <![CDATA[isha]]>
              </value>
            </param>
            <param index="7">
              <value>
                <![CDATA[Community]]>
              </value>
            </param>
          </params>
          <reporter-output>
          </reporter-output>
        </test-method> <!-- testGeebo -->
        <test-method status="PASS" signature="tearDown()[pri:0, instance:com.sqa.gy.GeeboTestwSauceLabs@6e1f8bc1]" name="tearDown" is-config="true" duration-ms="219" started-at="2017-02-18T13:11:10Z" finished-at="2017-02-18T13:11:10Z">
          <reporter-output>
          </reporter-output>
        </test-method> <!-- tearDown -->
        <test-method status="PASS" signature="setUpFirefox()[pri:0, instance:com.sqa.gy.GeeboTestwSauceLabs@6e1f8bc1]" name="setUpFirefox" is-config="true" duration-ms="1" started-at="2017-02-18T13:11:10Z" finished-at="2017-02-18T13:11:10Z">
          <reporter-output>
          </reporter-output>
        </test-method> <!-- setUpFirefox -->
        <test-method status="PASS" signature="setUpChrome()[pri:0, instance:com.sqa.gy.GeeboTestwSauceLabs@6e1f8bc1]" name="setUpChrome" is-config="true" duration-ms="0" started-at="2017-02-18T13:11:10Z" finished-at="2017-02-18T13:11:10Z">
          <reporter-output>
          </reporter-output>
        </test-method> <!-- setUpChrome -->
        <test-method status="PASS" signature="testGeebo(java.lang.String, java.lang.String, com.sqa.gy.Browser, java.lang.String, java.lang.String, int, java.lang.String, java.lang.String)[pri:0, instance:com.sqa.gy.GeeboTestwSauceLabs@6e1f8bc1]" name="testGeebo" duration-ms="22132" started-at="2017-02-18T13:11:10Z" data-provider="allThreeSetsOfData" finished-at="2017-02-18T13:11:32Z">
          <params>
            <param index="0">
              <value>
                <![CDATA[gyakovenkoyahoo]]>
              </value>
            </param>
            <param index="1">
              <value>
                <![CDATA[e0835d68-e4d9-402b-be52-6e16ac8495e1]]>
              </value>
            </param>
            <param index="2">
              <value>
                <![CDATA[SAFARI]]>
              </value>
            </param>
            <param index="3">
              <value>
                <![CDATA[7]]>
              </value>
            </param>
            <param index="4">
              <value>
                <![CDATA[OS X 10.9]]>
              </value>
            </param>
            <param index="5">
              <value>
                <![CDATA[1]]>
              </value>
            </param>
            <param index="6">
              <value>
                <![CDATA[toys]]>
              </value>
            </param>
            <param index="7">
              <value>
                <![CDATA[Merchandise]]>
              </value>
            </param>
          </params>
          <reporter-output>
          </reporter-output>
        </test-method> <!-- testGeebo -->
        <test-method status="PASS" signature="setUpSafari()[pri:0, instance:com.sqa.gy.GeeboTestwSauceLabs@6e1f8bc1]" name="setUpSafari" is-config="true" duration-ms="0" started-at="2017-02-18T13:11:10Z" finished-at="2017-02-18T13:11:10Z">
          <reporter-output>
          </reporter-output>
        </test-method> <!-- setUpSafari -->
        <test-method status="PASS" signature="tearDown()[pri:0, instance:com.sqa.gy.GeeboTestwSauceLabs@6e1f8bc1]" name="tearDown" is-config="true" duration-ms="612" started-at="2017-02-18T13:11:32Z" finished-at="2017-02-18T13:11:33Z">
          <reporter-output>
          </reporter-output>
        </test-method> <!-- tearDown -->
        <test-method status="PASS" signature="setUpFirefox()[pri:0, instance:com.sqa.gy.GeeboTestwSauceLabs@6e1f8bc1]" name="setUpFirefox" is-config="true" duration-ms="0" started-at="2017-02-18T13:11:33Z" finished-at="2017-02-18T13:11:33Z">
          <reporter-output>
          </reporter-output>
        </test-method> <!-- setUpFirefox -->
        <test-method status="PASS" signature="setUpChrome()[pri:0, instance:com.sqa.gy.GeeboTestwSauceLabs@6e1f8bc1]" name="setUpChrome" is-config="true" duration-ms="0" started-at="2017-02-18T13:11:33Z" finished-at="2017-02-18T13:11:33Z">
          <reporter-output>
          </reporter-output>
        </test-method> <!-- setUpChrome -->
        <test-method status="PASS" signature="testGeebo(java.lang.String, java.lang.String, com.sqa.gy.Browser, java.lang.String, java.lang.String, int, java.lang.String, java.lang.String)[pri:0, instance:com.sqa.gy.GeeboTestwSauceLabs@6e1f8bc1]" name="testGeebo" duration-ms="10818" started-at="2017-02-18T13:11:33Z" data-provider="allThreeSetsOfData" finished-at="2017-02-18T13:11:44Z">
          <params>
            <param index="0">
              <value>
                <![CDATA[gyakovenkoyahoo]]>
              </value>
            </param>
            <param index="1">
              <value>
                <![CDATA[e0835d68-e4d9-402b-be52-6e16ac8495e1]]>
              </value>
            </param>
            <param index="2">
              <value>
                <![CDATA[FIREFOX]]>
              </value>
            </param>
            <param index="3">
              <value>
                <![CDATA[35]]>
              </value>
            </param>
            <param index="4">
              <value>
                <![CDATA[Windows 7]]>
              </value>
            </param>
            <param index="5">
              <value>
                <![CDATA[2]]>
              </value>
            </param>
            <param index="6">
              <value>
                <![CDATA[isha]]>
              </value>
            </param>
            <param index="7">
              <value>
                <![CDATA[Community]]>
              </value>
            </param>
          </params>
          <reporter-output>
          </reporter-output>
        </test-method> <!-- testGeebo -->
        <test-method status="PASS" signature="setUpSafari()[pri:0, instance:com.sqa.gy.GeeboTestwSauceLabs@6e1f8bc1]" name="setUpSafari" is-config="true" duration-ms="0" started-at="2017-02-18T13:11:33Z" finished-at="2017-02-18T13:11:33Z">
          <reporter-output>
          </reporter-output>
        </test-method> <!-- setUpSafari -->
        <test-method status="PASS" signature="tearDown()[pri:0, instance:com.sqa.gy.GeeboTestwSauceLabs@6e1f8bc1]" name="tearDown" is-config="true" duration-ms="2576" started-at="2017-02-18T13:11:44Z" finished-at="2017-02-18T13:11:46Z">
          <reporter-output>
          </reporter-output>
        </test-method> <!-- tearDown -->
      </class> <!-- com.sqa.gy.GeeboTestwSauceLabs -->
    </test> <!-- Default test -->
  </suite> <!-- Default suite -->
</testng-results>
